<?xml version="1.0" encoding="UTF-8"?>
<coverage generated="1539825953696" clover="3.2.0">
  <project timestamp="1539825953697" name="All files">
    <metrics statements="23" coveredstatements="16" conditionals="11" coveredconditionals="9" methods="11" coveredmethods="7" elements="45" coveredelements="32" complexity="0" loc="23" ncloc="23" packages="6" files="6" classes="6">
      <package name="src">
        <metrics statements="2" coveredstatements="2" conditionals="0" coveredconditionals="0" methods="0" coveredmethods="0"/>
        <file name="setupTests.js" path="/home/hameet/Projects/Not-a-Test/src/setupTests.js">
          <metrics statements="2" coveredstatements="2" conditionals="0" coveredconditionals="0" methods="0" coveredmethods="0"/>
          <line num="7" count="4" type="stmt"/>
          <line num="9" count="4" type="stmt"/>
        </file>
      </package>
      <package name="src.components.App">
        <metrics statements="4" coveredstatements="3" conditionals="0" coveredconditionals="0" methods="3" coveredmethods="1"/>
        <file name="index.js" path="/home/hameet/Projects/Not-a-Test/src/components/App/index.js">
          <metrics statements="4" coveredstatements="3" conditionals="0" coveredconditionals="0" methods="3" coveredmethods="1"/>
          <line num="12" count="1" type="stmt"/>
          <line num="14" count="1" type="stmt"/>
          <line num="16" count="1" type="stmt"/>
          <line num="27" count="0" type="stmt"/>
        </file>
      </package>
      <package name="src.containers.App">
        <metrics statements="8" coveredstatements="2" conditionals="2" coveredconditionals="0" methods="4" coveredmethods="2"/>
        <file name="index.js" path="/home/hameet/Projects/Not-a-Test/src/containers/App/index.js">
          <metrics statements="8" coveredstatements="2" conditionals="2" coveredconditionals="0" methods="4" coveredmethods="2"/>
          <line num="9" count="3" type="stmt"/>
          <line num="16" count="2" type="stmt"/>
          <line num="18" count="0" type="stmt"/>
          <line num="19" count="0" type="stmt"/>
          <line num="20" count="0" type="cond" truecount="0" falsecount="2"/>
          <line num="21" count="0" type="stmt"/>
          <line num="22" count="0" type="stmt"/>
          <line num="26" count="0" type="stmt"/>
        </file>
      </package>
      <package name="src.state.actions">
        <metrics statements="2" coveredstatements="2" conditionals="0" coveredconditionals="0" methods="2" coveredmethods="2"/>
        <file name="index.js" path="/home/hameet/Projects/Not-a-Test/src/state/actions/index.js">
          <metrics statements="2" coveredstatements="2" conditionals="0" coveredconditionals="0" methods="2" coveredmethods="2"/>
          <line num="4" count="3" type="stmt"/>
          <line num="13" count="2" type="stmt"/>
        </file>
      </package>
      <package name="src.state.reducers">
        <metrics statements="5" coveredstatements="5" conditionals="9" coveredconditionals="9" methods="1" coveredmethods="1"/>
        <file name="index.js" path="/home/hameet/Projects/Not-a-Test/src/state/reducers/index.js">
          <metrics statements="5" coveredstatements="5" conditionals="9" coveredconditionals="9" methods="1" coveredmethods="1"/>
          <line num="10" count="5" type="stmt"/>
          <line num="11" count="5" type="cond" truecount="3" falsecount="0"/>
          <line num="13" count="2" type="cond" truecount="4" falsecount="0"/>
          <line num="20" count="1" type="stmt"/>
          <line num="28" count="2" type="stmt"/>
        </file>
      </package>
      <package name="src.state.selectors">
        <metrics statements="2" coveredstatements="2" conditionals="0" coveredconditionals="0" methods="1" coveredmethods="1"/>
        <file name="index.js" path="/home/hameet/Projects/Not-a-Test/src/state/selectors/index.js">
          <metrics statements="2" coveredstatements="2" conditionals="0" coveredconditionals="0" methods="1" coveredmethods="1"/>
          <line num="4" count="6" type="stmt"/>
          <line num="7" count="1" type="stmt"/>
        </file>
      </package>
    </metrics>
  </project>
</coverage>
