{"/home/hameet/Projects/Not-a-Test/src/setupTests.js": {"path":"/home/hameet/Projects/Not-a-Test/src/setupTests.js","statementMap":{"0":{"start":{"line":7,"column":0},"end":{"line":7,"column":44}},"1":{"start":{"line":9,"column":0},"end":{"line":9,"column":22}}},"fnMap":{},"branchMap":{},"s":{"0":4,"1":4},"f":{},"b":{},"_coverageSchema":"332fd63041d2c1bcb487cc26dd0d5f7d97098a6c","hash":"aff8230eac09dc3f29217bb8310178260db6bda9"}
,"/home/hameet/Projects/Not-a-Test/src/components/App/index.js": {"path":"/home/hameet/Projects/Not-a-Test/src/components/App/index.js","statementMap":{"0":{"start":{"line":12,"column":15},"end":{"line":12,"column":49}},"1":{"start":{"line":12,"column":30},"end":{"line":12,"column":48}},"2":{"start":{"line":14,"column":2},"end":{"line":14,"column":39}},"3":{"start":{"line":16,"column":2},"end":{"line":38,"column":3}},"4":{"start":{"line":27,"column":10},"end":{"line":34,"column":11}}},"fnMap":{"0":{"name":"App","decl":{"start":{"line":6,"column":24},"end":{"line":6,"column":27}},"loc":{"start":{"line":11,"column":3},"end":{"line":39,"column":1}},"line":11},"1":{"name":"(anonymous_1)","decl":{"start":{"line":12,"column":20},"end":{"line":12,"column":21}},"loc":{"start":{"line":12,"column":30},"end":{"line":12,"column":48}},"line":12},"2":{"name":"(anonymous_2)","decl":{"start":{"line":26,"column":13},"end":{"line":26,"column":14}},"loc":{"start":{"line":26,"column":30},"end":{"line":35,"column":9}},"line":26}},"branchMap":{},"s":{"0":1,"1":0,"2":1,"3":1,"4":0},"f":{"0":1,"1":0,"2":0},"b":{},"_coverageSchema":"332fd63041d2c1bcb487cc26dd0d5f7d97098a6c","hash":"6f88dda9affc54e1303b3841d5458469f7e25639"}
,"/home/hameet/Projects/Not-a-Test/src/containers/App/index.js": {"path":"/home/hameet/Projects/Not-a-Test/src/containers/App/index.js","statementMap":{"0":{"start":{"line":9,"column":2},"end":{"line":12,"column":3}},"1":{"start":{"line":16,"column":2},"end":{"line":28,"column":3}},"2":{"start":{"line":18,"column":6},"end":{"line":18,"column":24}},"3":{"start":{"line":19,"column":24},"end":{"line":19,"column":49}},"4":{"start":{"line":20,"column":6},"end":{"line":23,"column":7}},"5":{"start":{"line":21,"column":8},"end":{"line":21,"column":49}},"6":{"start":{"line":22,"column":8},"end":{"line":22,"column":28}},"7":{"start":{"line":26,"column":6},"end":{"line":26,"column":33}}},"fnMap":{"0":{"name":"mapStateToProps","decl":{"start":{"line":8,"column":9},"end":{"line":8,"column":24}},"loc":{"start":{"line":8,"column":40},"end":{"line":13,"column":1}},"line":8},"1":{"name":"mapDispatchToProps","decl":{"start":{"line":15,"column":9},"end":{"line":15,"column":27}},"loc":{"start":{"line":15,"column":46},"end":{"line":29,"column":1}},"line":15},"2":{"name":"(anonymous_2)","decl":{"start":{"line":17,"column":20},"end":{"line":17,"column":21}},"loc":{"start":{"line":17,"column":25},"end":{"line":24,"column":5}},"line":17},"3":{"name":"(anonymous_3)","decl":{"start":{"line":25,"column":20},"end":{"line":25,"column":21}},"loc":{"start":{"line":25,"column":29},"end":{"line":27,"column":5}},"line":25}},"branchMap":{"0":{"loc":{"start":{"line":20,"column":6},"end":{"line":23,"column":7}},"type":"if","locations":[{"start":{"line":20,"column":6},"end":{"line":23,"column":7}},{"start":{"line":20,"column":6},"end":{"line":23,"column":7}}],"line":20}},"s":{"0":3,"1":2,"2":0,"3":0,"4":0,"5":0,"6":0,"7":0},"f":{"0":3,"1":2,"2":0,"3":0},"b":{"0":[0,0]},"_coverageSchema":"332fd63041d2c1bcb487cc26dd0d5f7d97098a6c","hash":"45d47a66facc3615e94d4a56be79b7a0571179cd"}
,"/home/hameet/Projects/Not-a-Test/src/state/actions/index.js": {"path":"/home/hameet/Projects/Not-a-Test/src/state/actions/index.js","statementMap":{"0":{"start":{"line":4,"column":2},"end":{"line":9,"column":3}},"1":{"start":{"line":13,"column":2},"end":{"line":16,"column":3}}},"fnMap":{"0":{"name":"userRegistered","decl":{"start":{"line":3,"column":16},"end":{"line":3,"column":30}},"loc":{"start":{"line":3,"column":38},"end":{"line":10,"column":1}},"line":3},"1":{"name":"deleteUser","decl":{"start":{"line":12,"column":16},"end":{"line":12,"column":26}},"loc":{"start":{"line":12,"column":35},"end":{"line":17,"column":1}},"line":12}},"branchMap":{},"s":{"0":3,"1":2},"f":{"0":3,"1":2},"b":{},"_coverageSchema":"332fd63041d2c1bcb487cc26dd0d5f7d97098a6c","hash":"598aade47f670d9e6ab330d615e13f7b92ab4d2e"}
,"/home/hameet/Projects/Not-a-Test/src/state/reducers/index.js": {"path":"/home/hameet/Projects/Not-a-Test/src/state/reducers/index.js","statementMap":{"0":{"start":{"line":10,"column":2},"end":{"line":10,"column":33}},"1":{"start":{"line":11,"column":2},"end":{"line":29,"column":3}},"2":{"start":{"line":13,"column":6},"end":{"line":18,"column":15}},"3":{"start":{"line":20,"column":6},"end":{"line":26,"column":7}},"4":{"start":{"line":28,"column":6},"end":{"line":28,"column":18}}},"fnMap":{"0":{"name":"rootReducer","decl":{"start":{"line":6,"column":24},"end":{"line":6,"column":35}},"loc":{"start":{"line":9,"column":2},"end":{"line":30,"column":1}},"line":9}},"branchMap":{"0":{"loc":{"start":{"line":7,"column":2},"end":{"line":7,"column":22}},"type":"default-arg","locations":[{"start":{"line":7,"column":10},"end":{"line":7,"column":22}}],"line":7},"1":{"loc":{"start":{"line":8,"column":10},"end":{"line":8,"column":22}},"type":"default-arg","locations":[{"start":{"line":8,"column":20},"end":{"line":8,"column":22}}],"line":8},"2":{"loc":{"start":{"line":11,"column":2},"end":{"line":29,"column":3}},"type":"switch","locations":[{"start":{"line":12,"column":4},"end":{"line":18,"column":15}},{"start":{"line":19,"column":4},"end":{"line":26,"column":7}},{"start":{"line":27,"column":4},"end":{"line":28,"column":18}}],"line":11},"3":{"loc":{"start":{"line":13,"column":13},"end":{"line":18,"column":15}},"type":"cond-expr","locations":[{"start":{"line":14,"column":10},"end":{"line":17,"column":9}},{"start":{"line":18,"column":10},"end":{"line":18,"column":15}}],"line":13},"4":{"loc":{"start":{"line":13,"column":13},"end":{"line":13,"column":59}},"type":"binary-expr","locations":[{"start":{"line":13,"column":13},"end":{"line":13,"column":25}},{"start":{"line":13,"column":29},"end":{"line":13,"column":59}}],"line":13}},"s":{"0":5,"1":5,"2":2,"3":1,"4":2},"f":{"0":5},"b":{"0":[1],"1":[2],"2":[2,1,2],"3":[1,1],"4":[2,1]},"_coverageSchema":"332fd63041d2c1bcb487cc26dd0d5f7d97098a6c","hash":"72e73d53d1d9fcaf51183bd8255b288fdb6ba4d7"}
,"/home/hameet/Projects/Not-a-Test/src/state/selectors/index.js": {"path":"/home/hameet/Projects/Not-a-Test/src/state/selectors/index.js","statementMap":{"0":{"start":{"line":4,"column":2},"end":{"line":4,"column":14}},"1":{"start":{"line":7,"column":29},"end":{"line":11,"column":1}}},"fnMap":{"0":{"name":"getUsers","decl":{"start":{"line":3,"column":16},"end":{"line":3,"column":24}},"loc":{"start":{"line":3,"column":36},"end":{"line":5,"column":1}},"line":3}},"branchMap":{},"s":{"0":6,"1":1},"f":{"0":6},"b":{},"_coverageSchema":"332fd63041d2c1bcb487cc26dd0d5f7d97098a6c","hash":"5c1da73b2fc13897458fa5f929d93c3a74b1dd48"}
}
