TN:
SF:/home/hameet/Downloads/wj4j-not-a-test (1)/src/setupTests.js
FNF:0
FNH:0
DA:7,4
DA:9,4
LF:2
LH:2
BRF:0
BRH:0
end_of_record
TN:
SF:/home/hameet/Downloads/wj4j-not-a-test (1)/src/components/App/index.js
FN:16,App
FN:22,(anonymous_1)
FN:36,(anonymous_2)
FNF:3
FNH:1
FNDA:1,App
FNDA:0,(anonymous_1)
FNDA:0,(anonymous_2)
DA:6,2
DA:12,2
DA:14,2
DA:22,1
DA:24,1
DA:26,1
DA:37,0
LF:7
LH:6
BRF:0
BRH:0
end_of_record
TN:
SF:/home/hameet/Downloads/wj4j-not-a-test (1)/src/containers/App/index.js
FN:8,mapStateToProps
FN:15,mapDispatchToProps
FN:17,(anonymous_2)
FN:25,(anonymous_3)
FNF:4
FNH:2
FNDA:3,mapStateToProps
FNDA:2,mapDispatchToProps
FNDA:0,(anonymous_2)
FNDA:0,(anonymous_3)
DA:9,3
DA:16,2
DA:18,0
DA:19,0
DA:20,0
DA:21,0
DA:22,0
DA:26,0
LF:8
LH:2
BRDA:20,0,0,0
BRDA:20,0,1,0
BRF:2
BRH:0
end_of_record
TN:
SF:/home/hameet/Downloads/wj4j-not-a-test (1)/src/state/actions/index.js
FN:3,userRegistered
FN:12,deleteUser
FNF:2
FNH:2
FNDA:3,userRegistered
FNDA:2,deleteUser
DA:4,3
DA:13,2
LF:2
LH:2
BRF:0
BRH:0
end_of_record
TN:
SF:/home/hameet/Downloads/wj4j-not-a-test (1)/src/state/reducers/index.js
FN:6,rootReducer
FNF:1
FNH:1
FNDA:5,rootReducer
DA:10,5
DA:11,5
DA:13,2
DA:20,1
DA:28,2
LF:5
LH:5
BRDA:7,0,0,1
BRDA:8,1,0,2
BRDA:11,2,0,2
BRDA:11,2,1,1
BRDA:11,2,2,2
BRDA:13,3,0,1
BRDA:13,3,1,1
BRDA:13,4,0,2
BRDA:13,4,1,1
BRF:9
BRH:9
end_of_record
TN:
SF:/home/hameet/Downloads/wj4j-not-a-test (1)/src/state/selectors/index.js
FN:3,getUsers
FNF:1
FNH:1
FNDA:6,getUsers
DA:4,6
DA:7,1
LF:2
LH:2
BRF:0
BRH:0
end_of_record
